C:\USERS\ALEX\DOCUMENTS\VISUAL STUDIO 2012\PROJECTS\LABS\ARRAY FUN\DEBUG\MAIN.OBJ
C:\USERS\ALEX\DOCUMENTS\VISUAL STUDIO 2012\PROJECTS\LABS\ARRAY FUN\DEBUG\VC110.PDB
C:\USERS\ALEX\DOCUMENTS\VISUAL STUDIO 2012\PROJECTS\LABS\DEBUG\ARRAY FUN.ILK
C:\USERS\ALEX\DOCUMENTS\VISUAL STUDIO 2012\PROJECTS\LABS\DEBUG\ARRAY FUN.EXE
C:\USERS\ALEX\DOCUMENTS\VISUAL STUDIO 2012\PROJECTS\LABS\DEBUG\ARRAY FUN.PDB
C:\Users\Alex\Documents\Visual Studio 2012\Projects\Labs\Array Fun\Debug\main.obj
C:\Users\Alex\Documents\Visual Studio 2012\Projects\Labs\Array Fun\Debug\cl.command.1.tlog
C:\Users\Alex\Documents\Visual Studio 2012\Projects\Labs\Array Fun\Debug\CL.read.1.tlog
C:\Users\Alex\Documents\Visual Studio 2012\Projects\Labs\Array Fun\Debug\CL.write.1.tlog
C:\Users\Alex\Documents\Visual Studio 2012\Projects\Labs\Array Fun\Debug\link-cvtres.read.1.tlog
C:\Users\Alex\Documents\Visual Studio 2012\Projects\Labs\Array Fun\Debug\link-cvtres.write.1.tlog
C:\Users\Alex\Documents\Visual Studio 2012\Projects\Labs\Array Fun\Debug\link-rc.read.1.tlog
C:\Users\Alex\Documents\Visual Studio 2012\Projects\Labs\Array Fun\Debug\link-rc.write.1.tlog
C:\Users\Alex\Documents\Visual Studio 2012\Projects\Labs\Array Fun\Debug\link.command.1.tlog
C:\Users\Alex\Documents\Visual Studio 2012\Projects\Labs\Array Fun\Debug\link.read.1.tlog
C:\Users\Alex\Documents\Visual Studio 2012\Projects\Labs\Array Fun\Debug\link.write.1.tlog
C:\Users\Alex\Documents\Visual Studio 2012\Projects\Labs\Array Fun\Debug\vc110.idb
C:\Users\Alex\Documents\Visual Studio 2012\Projects\Labs\Array Fun\Debug\vc110.pdb
C:\Users\Alex\Documents\Visual Studio 2012\Projects\Labs\Debug\Array Fun.pdb
C:\Users\Alex\Documents\Visual Studio 2012\Projects\Labs\Debug\Array Fun.exe
C:\Users\Alex\Documents\Visual Studio 2012\Projects\Labs\Debug\Array Fun.ilk
