Build started 12/9/2013 10:26:29 AM.
     1>Project "C:\Users\Alex\Documents\Visual Studio 2012\Projects\Labs\Hash Table-Proper\Hash Table-Proper.vcxproj" on node 2 (Build target(s)).
     1>ClCompile:
         C:\Program Files (x86)\Microsoft Visual Studio 11.0\VC\bin\CL.exe /c /ZI /nologo /W3 /WX- /Od /Oy- /D WIN32 /D _DEBUG /D _CONSOLE /D _UNICODE /D UNICODE /Gm /EHsc /RTC1 /MDd /GS /fp:precise /Zc:wchar_t /Zc:forScope /Fo"Debug\\" /Fd"Debug\vc110.pdb" /Gd /TP /analyze- /errorReport:prompt main.cpp
         main.cpp
     1>c:\users\alex\documents\visual studio 2012\projects\labs\hash table-proper\main.cpp(11): error C2955: 'HashTable' : use of class template requires template argument list
                 c:\users\alex\documents\visual studio 2012\projects\labs\hash table-proper\hashtab.h(13) : see declaration of 'HashTable'
     1>c:\users\alex\documents\visual studio 2012\projects\labs\hash table-proper\main.cpp(11): error C2133: 'myHash' : unknown size
     1>c:\users\alex\documents\visual studio 2012\projects\labs\hash table-proper\main.cpp(11): error C2512: 'HashTable' : no appropriate default constructor available
     1>c:\users\alex\documents\visual studio 2012\projects\labs\hash table-proper\main.cpp(25): error C2662: 'HashTable<DATA_TYPE>::insert' : cannot convert 'this' pointer from 'HashTable' to 'HashTable<DATA_TYPE> &'
                 Reason: cannot convert from 'HashTable' to 'HashTable<DATA_TYPE>'
                 Conversion requires a second user-defined-conversion operator or constructor
     1>c:\users\alex\documents\visual studio 2012\projects\labs\hash table-proper\main.cpp(31): error C2662: 'HashTable<DATA_TYPE>::hash' : cannot convert 'this' pointer from 'HashTable' to 'HashTable<DATA_TYPE> &'
                 Reason: cannot convert from 'HashTable' to 'HashTable<DATA_TYPE>'
                 Conversion requires a second user-defined-conversion operator or constructor
     1>c:\users\alex\documents\visual studio 2012\projects\labs\hash table-proper\main.cpp(39): error C2662: 'HashTable<DATA_TYPE>::remove' : cannot convert 'this' pointer from 'HashTable' to 'HashTable<DATA_TYPE> &'
                 Reason: cannot convert from 'HashTable' to 'HashTable<DATA_TYPE>'
                 Conversion requires a second user-defined-conversion operator or constructor
     1>c:\users\alex\documents\visual studio 2012\projects\labs\hash table-proper\main.cpp(41): error C2662: 'HashTable<DATA_TYPE>::print' : cannot convert 'this' pointer from 'HashTable' to 'HashTable<DATA_TYPE> &'
                 Reason: cannot convert from 'HashTable' to 'HashTable<DATA_TYPE>'
                 Conversion requires a second user-defined-conversion operator or constructor
     1>Done Building Project "C:\Users\Alex\Documents\Visual Studio 2012\Projects\Labs\Hash Table-Proper\Hash Table-Proper.vcxproj" (Build target(s)) -- FAILED.

Build FAILED.

Time Elapsed 00:00:03.28
