C:\USERS\ALEX\DOCUMENTS\VISUAL STUDIO 2012\PROJECTS\LABS\LABS\DEBUG\MAIN.OBJ
C:\USERS\ALEX\DOCUMENTS\VISUAL STUDIO 2012\PROJECTS\LABS\LABS\DEBUG\VC110.PDB
C:\USERS\ALEX\DOCUMENTS\VISUAL STUDIO 2012\PROJECTS\LABS\DEBUG\COMPLEX.ILK
C:\USERS\ALEX\DOCUMENTS\VISUAL STUDIO 2012\PROJECTS\LABS\DEBUG\COMPLEX.EXE
C:\USERS\ALEX\DOCUMENTS\VISUAL STUDIO 2012\PROJECTS\LABS\DEBUG\COMPLEX.PDB
C:\Users\Alex\Documents\Visual Studio 2012\Projects\Labs\Labs\Debug\main.obj
C:\Users\Alex\Documents\Visual Studio 2012\Projects\Labs\Labs\Debug\cl.command.1.tlog
C:\Users\Alex\Documents\Visual Studio 2012\Projects\Labs\Labs\Debug\CL.read.1.tlog
C:\Users\Alex\Documents\Visual Studio 2012\Projects\Labs\Labs\Debug\CL.write.1.tlog
C:\Users\Alex\Documents\Visual Studio 2012\Projects\Labs\Labs\Debug\link-cvtres.read.1.tlog
C:\Users\Alex\Documents\Visual Studio 2012\Projects\Labs\Labs\Debug\link-cvtres.write.1.tlog
C:\Users\Alex\Documents\Visual Studio 2012\Projects\Labs\Labs\Debug\link-rc.read.1.tlog
C:\Users\Alex\Documents\Visual Studio 2012\Projects\Labs\Labs\Debug\link-rc.write.1.tlog
C:\Users\Alex\Documents\Visual Studio 2012\Projects\Labs\Labs\Debug\link.12516-cvtres.read.1.tlog
C:\Users\Alex\Documents\Visual Studio 2012\Projects\Labs\Labs\Debug\link.12516-cvtres.write.1.tlog
C:\Users\Alex\Documents\Visual Studio 2012\Projects\Labs\Labs\Debug\link.12516-rc.read.1.tlog
C:\Users\Alex\Documents\Visual Studio 2012\Projects\Labs\Labs\Debug\link.12516-rc.write.1.tlog
C:\Users\Alex\Documents\Visual Studio 2012\Projects\Labs\Labs\Debug\link.12516.read.1.tlog
C:\Users\Alex\Documents\Visual Studio 2012\Projects\Labs\Labs\Debug\link.12516.write.1.tlog
C:\Users\Alex\Documents\Visual Studio 2012\Projects\Labs\Labs\Debug\link.12676-cvtres.read.1.tlog
C:\Users\Alex\Documents\Visual Studio 2012\Projects\Labs\Labs\Debug\link.12676-cvtres.write.1.tlog
C:\Users\Alex\Documents\Visual Studio 2012\Projects\Labs\Labs\Debug\link.12676-rc.read.1.tlog
C:\Users\Alex\Documents\Visual Studio 2012\Projects\Labs\Labs\Debug\link.12676-rc.write.1.tlog
C:\Users\Alex\Documents\Visual Studio 2012\Projects\Labs\Labs\Debug\link.12676.read.1.tlog
C:\Users\Alex\Documents\Visual Studio 2012\Projects\Labs\Labs\Debug\link.12676.write.1.tlog
C:\Users\Alex\Documents\Visual Studio 2012\Projects\Labs\Labs\Debug\link.5128-cvtres.read.1.tlog
C:\Users\Alex\Documents\Visual Studio 2012\Projects\Labs\Labs\Debug\link.5128-cvtres.write.1.tlog
C:\Users\Alex\Documents\Visual Studio 2012\Projects\Labs\Labs\Debug\link.5128-rc.read.1.tlog
C:\Users\Alex\Documents\Visual Studio 2012\Projects\Labs\Labs\Debug\link.5128-rc.write.1.tlog
C:\Users\Alex\Documents\Visual Studio 2012\Projects\Labs\Labs\Debug\link.5128.read.1.tlog
C:\Users\Alex\Documents\Visual Studio 2012\Projects\Labs\Labs\Debug\link.5128.write.1.tlog
C:\Users\Alex\Documents\Visual Studio 2012\Projects\Labs\Labs\Debug\link.6428-cvtres.read.1.tlog
C:\Users\Alex\Documents\Visual Studio 2012\Projects\Labs\Labs\Debug\link.6428-cvtres.write.1.tlog
C:\Users\Alex\Documents\Visual Studio 2012\Projects\Labs\Labs\Debug\link.6428-rc.read.1.tlog
C:\Users\Alex\Documents\Visual Studio 2012\Projects\Labs\Labs\Debug\link.6428-rc.write.1.tlog
C:\Users\Alex\Documents\Visual Studio 2012\Projects\Labs\Labs\Debug\link.6428.read.1.tlog
C:\Users\Alex\Documents\Visual Studio 2012\Projects\Labs\Labs\Debug\link.6428.write.1.tlog
C:\Users\Alex\Documents\Visual Studio 2012\Projects\Labs\Labs\Debug\link.744-cvtres.read.1.tlog
C:\Users\Alex\Documents\Visual Studio 2012\Projects\Labs\Labs\Debug\link.744-cvtres.write.1.tlog
C:\Users\Alex\Documents\Visual Studio 2012\Projects\Labs\Labs\Debug\link.744-rc.read.1.tlog
C:\Users\Alex\Documents\Visual Studio 2012\Projects\Labs\Labs\Debug\link.744-rc.write.1.tlog
C:\Users\Alex\Documents\Visual Studio 2012\Projects\Labs\Labs\Debug\link.744.read.1.tlog
C:\Users\Alex\Documents\Visual Studio 2012\Projects\Labs\Labs\Debug\link.744.write.1.tlog
C:\Users\Alex\Documents\Visual Studio 2012\Projects\Labs\Labs\Debug\link.8644-cvtres.read.1.tlog
C:\Users\Alex\Documents\Visual Studio 2012\Projects\Labs\Labs\Debug\link.8644-cvtres.write.1.tlog
C:\Users\Alex\Documents\Visual Studio 2012\Projects\Labs\Labs\Debug\link.8644-rc.read.1.tlog
C:\Users\Alex\Documents\Visual Studio 2012\Projects\Labs\Labs\Debug\link.8644-rc.write.1.tlog
C:\Users\Alex\Documents\Visual Studio 2012\Projects\Labs\Labs\Debug\link.8644.read.1.tlog
C:\Users\Alex\Documents\Visual Studio 2012\Projects\Labs\Labs\Debug\link.8644.write.1.tlog
C:\Users\Alex\Documents\Visual Studio 2012\Projects\Labs\Labs\Debug\link.9124-cvtres.read.1.tlog
C:\Users\Alex\Documents\Visual Studio 2012\Projects\Labs\Labs\Debug\link.9124-cvtres.write.1.tlog
C:\Users\Alex\Documents\Visual Studio 2012\Projects\Labs\Labs\Debug\link.9124-rc.read.1.tlog
C:\Users\Alex\Documents\Visual Studio 2012\Projects\Labs\Labs\Debug\link.9124-rc.write.1.tlog
C:\Users\Alex\Documents\Visual Studio 2012\Projects\Labs\Labs\Debug\link.9124.read.1.tlog
C:\Users\Alex\Documents\Visual Studio 2012\Projects\Labs\Labs\Debug\link.9124.write.1.tlog
C:\Users\Alex\Documents\Visual Studio 2012\Projects\Labs\Labs\Debug\link.command.1.tlog
C:\Users\Alex\Documents\Visual Studio 2012\Projects\Labs\Labs\Debug\link.read.1.tlog
C:\Users\Alex\Documents\Visual Studio 2012\Projects\Labs\Labs\Debug\link.write.1.tlog
C:\Users\Alex\Documents\Visual Studio 2012\Projects\Labs\Labs\Debug\vc110.idb
C:\Users\Alex\Documents\Visual Studio 2012\Projects\Labs\Labs\Debug\vc110.pdb
C:\Users\Alex\Documents\Visual Studio 2012\Projects\Labs\Debug\Complex.pdb
C:\Users\Alex\Documents\Visual Studio 2012\Projects\Labs\Debug\Complex.exe
C:\Users\Alex\Documents\Visual Studio 2012\Projects\Labs\Debug\Complex.ilk
