C:\USERS\ALEX\DOCUMENTS\VISUAL STUDIO 2012\PROJECTS\LABS\VECTOR\DEBUG\MAIN.OBJ
C:\USERS\ALEX\DOCUMENTS\VISUAL STUDIO 2012\PROJECTS\LABS\VECTOR\DEBUG\VC110.PDB
C:\USERS\ALEX\DOCUMENTS\VISUAL STUDIO 2012\PROJECTS\LABS\DEBUG\VECTOR.ILK
C:\USERS\ALEX\DOCUMENTS\VISUAL STUDIO 2012\PROJECTS\LABS\DEBUG\VECTOR.EXE
C:\USERS\ALEX\DOCUMENTS\VISUAL STUDIO 2012\PROJECTS\LABS\DEBUG\VECTOR.PDB
C:\Users\Alex\Documents\Visual Studio 2012\Projects\Labs\Vector\Debug\main.obj
C:\Users\Alex\Documents\Visual Studio 2012\Projects\Labs\Vector\Debug\cl.command.1.tlog
C:\Users\Alex\Documents\Visual Studio 2012\Projects\Labs\Vector\Debug\CL.read.1.tlog
C:\Users\Alex\Documents\Visual Studio 2012\Projects\Labs\Vector\Debug\CL.write.1.tlog
C:\Users\Alex\Documents\Visual Studio 2012\Projects\Labs\Vector\Debug\link-cvtres.read.1.tlog
C:\Users\Alex\Documents\Visual Studio 2012\Projects\Labs\Vector\Debug\link-cvtres.write.1.tlog
C:\Users\Alex\Documents\Visual Studio 2012\Projects\Labs\Vector\Debug\link-rc.read.1.tlog
C:\Users\Alex\Documents\Visual Studio 2012\Projects\Labs\Vector\Debug\link-rc.write.1.tlog
C:\Users\Alex\Documents\Visual Studio 2012\Projects\Labs\Vector\Debug\link.10452-cvtres.read.1.tlog
C:\Users\Alex\Documents\Visual Studio 2012\Projects\Labs\Vector\Debug\link.10452-cvtres.write.1.tlog
C:\Users\Alex\Documents\Visual Studio 2012\Projects\Labs\Vector\Debug\link.10452-rc.read.1.tlog
C:\Users\Alex\Documents\Visual Studio 2012\Projects\Labs\Vector\Debug\link.10452-rc.write.1.tlog
C:\Users\Alex\Documents\Visual Studio 2012\Projects\Labs\Vector\Debug\link.10452.read.1.tlog
C:\Users\Alex\Documents\Visual Studio 2012\Projects\Labs\Vector\Debug\link.10452.write.1.tlog
C:\Users\Alex\Documents\Visual Studio 2012\Projects\Labs\Vector\Debug\link.10496-cvtres.read.1.tlog
C:\Users\Alex\Documents\Visual Studio 2012\Projects\Labs\Vector\Debug\link.10496-cvtres.write.1.tlog
C:\Users\Alex\Documents\Visual Studio 2012\Projects\Labs\Vector\Debug\link.10496-rc.read.1.tlog
C:\Users\Alex\Documents\Visual Studio 2012\Projects\Labs\Vector\Debug\link.10496-rc.write.1.tlog
C:\Users\Alex\Documents\Visual Studio 2012\Projects\Labs\Vector\Debug\link.10496.read.1.tlog
C:\Users\Alex\Documents\Visual Studio 2012\Projects\Labs\Vector\Debug\link.10496.write.1.tlog
C:\Users\Alex\Documents\Visual Studio 2012\Projects\Labs\Vector\Debug\link.13800-cvtres.read.1.tlog
C:\Users\Alex\Documents\Visual Studio 2012\Projects\Labs\Vector\Debug\link.13800-cvtres.write.1.tlog
C:\Users\Alex\Documents\Visual Studio 2012\Projects\Labs\Vector\Debug\link.13800-rc.read.1.tlog
C:\Users\Alex\Documents\Visual Studio 2012\Projects\Labs\Vector\Debug\link.13800-rc.write.1.tlog
C:\Users\Alex\Documents\Visual Studio 2012\Projects\Labs\Vector\Debug\link.13800.read.1.tlog
C:\Users\Alex\Documents\Visual Studio 2012\Projects\Labs\Vector\Debug\link.13800.write.1.tlog
C:\Users\Alex\Documents\Visual Studio 2012\Projects\Labs\Vector\Debug\link.14928-cvtres.read.1.tlog
C:\Users\Alex\Documents\Visual Studio 2012\Projects\Labs\Vector\Debug\link.14928-cvtres.write.1.tlog
C:\Users\Alex\Documents\Visual Studio 2012\Projects\Labs\Vector\Debug\link.14928-rc.read.1.tlog
C:\Users\Alex\Documents\Visual Studio 2012\Projects\Labs\Vector\Debug\link.14928-rc.write.1.tlog
C:\Users\Alex\Documents\Visual Studio 2012\Projects\Labs\Vector\Debug\link.14928.read.1.tlog
C:\Users\Alex\Documents\Visual Studio 2012\Projects\Labs\Vector\Debug\link.14928.write.1.tlog
C:\Users\Alex\Documents\Visual Studio 2012\Projects\Labs\Vector\Debug\link.16140-cvtres.read.1.tlog
C:\Users\Alex\Documents\Visual Studio 2012\Projects\Labs\Vector\Debug\link.16140-cvtres.write.1.tlog
C:\Users\Alex\Documents\Visual Studio 2012\Projects\Labs\Vector\Debug\link.16140-rc.read.1.tlog
C:\Users\Alex\Documents\Visual Studio 2012\Projects\Labs\Vector\Debug\link.16140-rc.write.1.tlog
C:\Users\Alex\Documents\Visual Studio 2012\Projects\Labs\Vector\Debug\link.16140.read.1.tlog
C:\Users\Alex\Documents\Visual Studio 2012\Projects\Labs\Vector\Debug\link.16140.write.1.tlog
C:\Users\Alex\Documents\Visual Studio 2012\Projects\Labs\Vector\Debug\link.16184-cvtres.read.1.tlog
C:\Users\Alex\Documents\Visual Studio 2012\Projects\Labs\Vector\Debug\link.16184-cvtres.write.1.tlog
C:\Users\Alex\Documents\Visual Studio 2012\Projects\Labs\Vector\Debug\link.16184-rc.read.1.tlog
C:\Users\Alex\Documents\Visual Studio 2012\Projects\Labs\Vector\Debug\link.16184-rc.write.1.tlog
C:\Users\Alex\Documents\Visual Studio 2012\Projects\Labs\Vector\Debug\link.16184.read.1.tlog
C:\Users\Alex\Documents\Visual Studio 2012\Projects\Labs\Vector\Debug\link.16184.write.1.tlog
C:\Users\Alex\Documents\Visual Studio 2012\Projects\Labs\Vector\Debug\link.16444-cvtres.read.1.tlog
C:\Users\Alex\Documents\Visual Studio 2012\Projects\Labs\Vector\Debug\link.16444-cvtres.write.1.tlog
C:\Users\Alex\Documents\Visual Studio 2012\Projects\Labs\Vector\Debug\link.16444-rc.read.1.tlog
C:\Users\Alex\Documents\Visual Studio 2012\Projects\Labs\Vector\Debug\link.16444-rc.write.1.tlog
C:\Users\Alex\Documents\Visual Studio 2012\Projects\Labs\Vector\Debug\link.16444.read.1.tlog
C:\Users\Alex\Documents\Visual Studio 2012\Projects\Labs\Vector\Debug\link.16444.write.1.tlog
C:\Users\Alex\Documents\Visual Studio 2012\Projects\Labs\Vector\Debug\link.16536-cvtres.read.1.tlog
C:\Users\Alex\Documents\Visual Studio 2012\Projects\Labs\Vector\Debug\link.16536-cvtres.write.1.tlog
C:\Users\Alex\Documents\Visual Studio 2012\Projects\Labs\Vector\Debug\link.16536-rc.read.1.tlog
C:\Users\Alex\Documents\Visual Studio 2012\Projects\Labs\Vector\Debug\link.16536-rc.write.1.tlog
C:\Users\Alex\Documents\Visual Studio 2012\Projects\Labs\Vector\Debug\link.16536.read.1.tlog
C:\Users\Alex\Documents\Visual Studio 2012\Projects\Labs\Vector\Debug\link.16536.write.1.tlog
C:\Users\Alex\Documents\Visual Studio 2012\Projects\Labs\Vector\Debug\link.2552-cvtres.read.1.tlog
C:\Users\Alex\Documents\Visual Studio 2012\Projects\Labs\Vector\Debug\link.2552-cvtres.write.1.tlog
C:\Users\Alex\Documents\Visual Studio 2012\Projects\Labs\Vector\Debug\link.2552-rc.read.1.tlog
C:\Users\Alex\Documents\Visual Studio 2012\Projects\Labs\Vector\Debug\link.2552-rc.write.1.tlog
C:\Users\Alex\Documents\Visual Studio 2012\Projects\Labs\Vector\Debug\link.2552.read.1.tlog
C:\Users\Alex\Documents\Visual Studio 2012\Projects\Labs\Vector\Debug\link.2552.write.1.tlog
C:\Users\Alex\Documents\Visual Studio 2012\Projects\Labs\Vector\Debug\link.3180-cvtres.read.1.tlog
C:\Users\Alex\Documents\Visual Studio 2012\Projects\Labs\Vector\Debug\link.3180-cvtres.write.1.tlog
C:\Users\Alex\Documents\Visual Studio 2012\Projects\Labs\Vector\Debug\link.3180-rc.read.1.tlog
C:\Users\Alex\Documents\Visual Studio 2012\Projects\Labs\Vector\Debug\link.3180-rc.write.1.tlog
C:\Users\Alex\Documents\Visual Studio 2012\Projects\Labs\Vector\Debug\link.3180.read.1.tlog
C:\Users\Alex\Documents\Visual Studio 2012\Projects\Labs\Vector\Debug\link.3180.write.1.tlog
C:\Users\Alex\Documents\Visual Studio 2012\Projects\Labs\Vector\Debug\link.9792-cvtres.read.1.tlog
C:\Users\Alex\Documents\Visual Studio 2012\Projects\Labs\Vector\Debug\link.9792-cvtres.write.1.tlog
C:\Users\Alex\Documents\Visual Studio 2012\Projects\Labs\Vector\Debug\link.9792-rc.read.1.tlog
C:\Users\Alex\Documents\Visual Studio 2012\Projects\Labs\Vector\Debug\link.9792-rc.write.1.tlog
C:\Users\Alex\Documents\Visual Studio 2012\Projects\Labs\Vector\Debug\link.9792.read.1.tlog
C:\Users\Alex\Documents\Visual Studio 2012\Projects\Labs\Vector\Debug\link.9792.write.1.tlog
C:\Users\Alex\Documents\Visual Studio 2012\Projects\Labs\Vector\Debug\link.command.1.tlog
C:\Users\Alex\Documents\Visual Studio 2012\Projects\Labs\Vector\Debug\link.read.1.tlog
C:\Users\Alex\Documents\Visual Studio 2012\Projects\Labs\Vector\Debug\link.write.1.tlog
C:\Users\Alex\Documents\Visual Studio 2012\Projects\Labs\Vector\Debug\vc110.idb
C:\Users\Alex\Documents\Visual Studio 2012\Projects\Labs\Vector\Debug\vc110.pdb
C:\Users\Alex\Documents\Visual Studio 2012\Projects\Labs\Debug\Vector.pdb
C:\Users\Alex\Documents\Visual Studio 2012\Projects\Labs\Debug\Vector.exe
C:\Users\Alex\Documents\Visual Studio 2012\Projects\Labs\Debug\Vector.ilk
