C:\USERS\ALEX\DOCUMENTS\VISUAL STUDIO 2012\PROJECTS\LABS\PLAYGROUND\DEBUG\MAIN.OBJ
C:\USERS\ALEX\DOCUMENTS\VISUAL STUDIO 2012\PROJECTS\LABS\PLAYGROUND\DEBUG\VC110.PDB
C:\USERS\ALEX\DOCUMENTS\VISUAL STUDIO 2012\PROJECTS\LABS\DEBUG\PLAYGROUND.ILK
C:\USERS\ALEX\DOCUMENTS\VISUAL STUDIO 2012\PROJECTS\LABS\DEBUG\PLAYGROUND.EXE
C:\USERS\ALEX\DOCUMENTS\VISUAL STUDIO 2012\PROJECTS\LABS\DEBUG\PLAYGROUND.PDB
C:\Users\Alex\Documents\Visual Studio 2012\Projects\Labs\Playground\Debug\main.obj
C:\Users\Alex\Documents\Visual Studio 2012\Projects\Labs\Playground\Debug\cl.command.1.tlog
C:\Users\Alex\Documents\Visual Studio 2012\Projects\Labs\Playground\Debug\CL.read.1.tlog
C:\Users\Alex\Documents\Visual Studio 2012\Projects\Labs\Playground\Debug\CL.write.1.tlog
C:\Users\Alex\Documents\Visual Studio 2012\Projects\Labs\Playground\Debug\link-cvtres.read.1.tlog
C:\Users\Alex\Documents\Visual Studio 2012\Projects\Labs\Playground\Debug\link-cvtres.write.1.tlog
C:\Users\Alex\Documents\Visual Studio 2012\Projects\Labs\Playground\Debug\link-rc.read.1.tlog
C:\Users\Alex\Documents\Visual Studio 2012\Projects\Labs\Playground\Debug\link-rc.write.1.tlog
C:\Users\Alex\Documents\Visual Studio 2012\Projects\Labs\Playground\Debug\link.15332-cvtres.read.1.tlog
C:\Users\Alex\Documents\Visual Studio 2012\Projects\Labs\Playground\Debug\link.15332-cvtres.write.1.tlog
C:\Users\Alex\Documents\Visual Studio 2012\Projects\Labs\Playground\Debug\link.15332-rc.read.1.tlog
C:\Users\Alex\Documents\Visual Studio 2012\Projects\Labs\Playground\Debug\link.15332-rc.write.1.tlog
C:\Users\Alex\Documents\Visual Studio 2012\Projects\Labs\Playground\Debug\link.15332.read.1.tlog
C:\Users\Alex\Documents\Visual Studio 2012\Projects\Labs\Playground\Debug\link.15332.write.1.tlog
C:\Users\Alex\Documents\Visual Studio 2012\Projects\Labs\Playground\Debug\link.18780-cvtres.read.1.tlog
C:\Users\Alex\Documents\Visual Studio 2012\Projects\Labs\Playground\Debug\link.18780-cvtres.write.1.tlog
C:\Users\Alex\Documents\Visual Studio 2012\Projects\Labs\Playground\Debug\link.18780-rc.read.1.tlog
C:\Users\Alex\Documents\Visual Studio 2012\Projects\Labs\Playground\Debug\link.18780-rc.write.1.tlog
C:\Users\Alex\Documents\Visual Studio 2012\Projects\Labs\Playground\Debug\link.18780.read.1.tlog
C:\Users\Alex\Documents\Visual Studio 2012\Projects\Labs\Playground\Debug\link.18780.write.1.tlog
C:\Users\Alex\Documents\Visual Studio 2012\Projects\Labs\Playground\Debug\link.9716-cvtres.read.1.tlog
C:\Users\Alex\Documents\Visual Studio 2012\Projects\Labs\Playground\Debug\link.9716-cvtres.write.1.tlog
C:\Users\Alex\Documents\Visual Studio 2012\Projects\Labs\Playground\Debug\link.9716-rc.read.1.tlog
C:\Users\Alex\Documents\Visual Studio 2012\Projects\Labs\Playground\Debug\link.9716-rc.write.1.tlog
C:\Users\Alex\Documents\Visual Studio 2012\Projects\Labs\Playground\Debug\link.9716.read.1.tlog
C:\Users\Alex\Documents\Visual Studio 2012\Projects\Labs\Playground\Debug\link.9716.write.1.tlog
C:\Users\Alex\Documents\Visual Studio 2012\Projects\Labs\Playground\Debug\link.command.1.tlog
C:\Users\Alex\Documents\Visual Studio 2012\Projects\Labs\Playground\Debug\link.read.1.tlog
C:\Users\Alex\Documents\Visual Studio 2012\Projects\Labs\Playground\Debug\link.write.1.tlog
C:\Users\Alex\Documents\Visual Studio 2012\Projects\Labs\Playground\Debug\vc110.idb
C:\Users\Alex\Documents\Visual Studio 2012\Projects\Labs\Playground\Debug\vc110.pdb
C:\Users\Alex\Documents\Visual Studio 2012\Projects\Labs\Debug\Playground.pdb
C:\Users\Alex\Documents\Visual Studio 2012\Projects\Labs\Debug\Playground.exe
C:\Users\Alex\Documents\Visual Studio 2012\Projects\Labs\Debug\Playground.ilk
