Build started 12/7/2013 8:25:10 PM.
     1>Project "C:\Users\Alex\documents\visual studio 2012\Projects\Labs\Quick Sort\Quick Sort.vcxproj" on node 2 (Build target(s)).
     1>ClCompile:
         C:\Program Files (x86)\Microsoft Visual Studio 11.0\VC\bin\CL.exe /c /ZI /nologo /W3 /WX- /Od /Oy- /D WIN32 /D _DEBUG /D _CONSOLE /D _UNICODE /D UNICODE /Gm /EHsc /RTC1 /MDd /GS /fp:precise /Zc:wchar_t /Zc:forScope /Fo"Debug\\" /Fd"Debug\vc110.pdb" /Gd /TP /analyze- /errorReport:prompt main.cpp
         main.cpp
     1>c:\users\alex\documents\visual studio 2012\projects\labs\quick sort\main.cpp(19): warning C4018: '<' : signed/unsigned mismatch
                 c:\users\alex\documents\visual studio 2012\projects\labs\quick sort\main.cpp(61) : see reference to function template instantiation 'int partition<std::string>(std::vector<_Ty> &,int,int)' being compiled
                 with
                 [
                     _Ty=std::string
                 ]
                 c:\users\alex\documents\visual studio 2012\projects\labs\quick sort\main.cpp(82) : see reference to function template instantiation 'void QuickSort<std::string>(std::vector<_Ty>,int,int)' being compiled
                 with
                 [
                     _Ty=std::string
                 ]
       Link:
         C:\Program Files (x86)\Microsoft Visual Studio 11.0\VC\bin\link.exe /ERRORREPORT:PROMPT /OUT:"C:\Users\Alex\documents\visual studio 2012\Projects\Labs\Debug\Quick Sort.exe" /INCREMENTAL /NOLOGO kernel32.lib user32.lib gdi32.lib winspool.lib comdlg32.lib advapi32.lib shell32.lib ole32.lib oleaut32.lib uuid.lib odbc32.lib odbccp32.lib /MANIFEST /MANIFESTUAC:"level='asInvoker' uiAccess='false'" /manifest:embed /DEBUG /PDB:"C:\Users\Alex\documents\visual studio 2012\Projects\Labs\Debug\Quick Sort.pdb" /SUBSYSTEM:CONSOLE /TLBID:1 /DYNAMICBASE /NXCOMPAT /IMPLIB:"C:\Users\Alex\documents\visual studio 2012\Projects\Labs\Debug\Quick Sort.lib" /MACHINE:X86 Debug\main.obj
         Quick Sort.vcxproj -> C:\Users\Alex\documents\visual studio 2012\Projects\Labs\Debug\Quick Sort.exe
     1>Done Building Project "C:\Users\Alex\documents\visual studio 2012\Projects\Labs\Quick Sort\Quick Sort.vcxproj" (Build target(s)).

Build succeeded.

Time Elapsed 00:00:03.80
